Start testing: Oct 28 02:03 CET
----------------------------------------------------------
1/1 Testing: ApacTests
1/1 Test: ApacTests
Command: "/home/ahorek/liba/libapac/build/tests"
Directory: /home/ahorek/liba/libapac/build
"ApacTests" start time: Oct 28 02:03 CET
Output:
----------------------------------------------------------
<end of output>
Test time =   0.00 sec
----------------------------------------------------------
Test Failed.
"ApacTests" end time: Oct 28 02:03 CET
"ApacTests" time elapsed: 00:00:00
----------------------------------------------------------

End testing: Oct 28 02:03 CET
